1359921
2851582
5993842
2933415
2459908
1111878
7370445
3349568
226276
1251879
7119978
5880664
5681575
2428293
3685429
164755
1465476
4522900
1837773
1098698
259238
5201129
6404588
2028718
452611
788011
6175935
1261735
269250
2290551
4862875
2708263
1625865
1851092
5747535
146867
2251132
4242264
1444171
5197753
1577411
1378848
3088580
5552475
727687
4568920
2124214
4952955
6154724
2814451
2820912
4460264
7069813
7912060
256701
2577872
1030886
4867549
484691
1095066
3046499
443148
544509
1520115
939096
2830524
4133988
3026084
1422223
7481030
4667479
1714805
1212791
7024949
3402129
4266158
4009550
654095
3099928
1303215
3399844
3850277
653592
265444
4367129
1846282
6531922
5434122
1300962
10096
505595
4386849
1757977
3965461
1589726
570866
3038415
1995350
4022169
153392
2552886
5918480
2229208
4140530
4704943
3028555
1514934
614174
2180834
6979336
4545742
1061861
1324970
3689408
2877469
4382480
2810247
2442788
2146070
2977680
4968397
5143333
1328338
3374447
1618042
640983
2216114
1628356
2393382
2627347
2889676
4254569
842200
1880711
4996894
5370260
3858505
919503
3838741
2800963
2690335
566810
4901150
3792746
2843865
2205068
2828363
2769857
1945569
1808703
3961684
1458534
928353
226537
2957835
4659065
1752813
136548
1245510
1575040
850158
3350875
3636423
695564
3592219
5208396
2743070
519874
733538
702700
3678115
373073
2911766
639394
2255072
159390
2474036
4535925
5902607
7042203
1148318
1165631
1110977
296381
2791458
5230868
5522008
7526180
2401240
4882334
384079
1259457
2052201
4098987
6239980
4790048
1757986
3133597
3062718
351791
5474455
3221842
3800162
252533
4986169
96833
1607061
263244
3631167
3851550
784800
1831635
6878927
6759554
2928613
398850
3032850
4316859
