1228252
5639815
4371404
4029662
5165215
11310149
1502386
7428224
6046901
3366541
1752907
6341805
754600
5139475
5107810
2953942
4641049
3280871
1156611
1686489
1353175
10107503
325860
9742274
831609
9176094
3767257
7911587
4513794
4339158
1481945
5226969
3580521
5040759
11737530
5941735
14554811
10288235
1117339
125286
87088
3629899
7104675
3053798
1231198
10787240
4762445
7560320
8824858
2686624
1223762
644720
5351804
3636152
13281890
68835
3080450
1101408
10052876
11424577
4931441
4085795
7965447
5501847
1003489
6327424
3069798
9327396
635080
132426
7185759
12365542
4052308
6838882
1473773
2961971
4137325
1612037
2270835
2711745
766244
4593211
9165132
5155085
11075844
968153
586049
7073509
9414741
2506131
11580617
10200038
5608155
9762936
2915484
10444078
1883002
2758021
3447543
2283307
5842931
5837518
3648485
8227499
9832448
3729390
12212652
8968397
9760280
5773779
7782883
5485643
12287174
3350560
1473840
1706846
4228361
8975561
1165086
4715733
9915132
11488827
1291802
13397514
71615
3238583
501314
5667564
2318732
4841426
3142595
1996119
2429215
1240100
11052289
7223091
7935311
1176472
1650348
6236395
3767293
9014778
5786231
7264117
11824747
870630
1186762
5278321
6706076
234849
8217852
9809970
11047537
9113712
10023600
388234
8385705
4512717
4120492
2425344
2934467
11062601
8746183
4714747
13914367
4231407
