5367162
4232156
4834272
1153031
3380608
3350073
2876517
1815873
1757466
3324638
3334157
3792662
2857515
545051
1845801
3966940
1556932
4399170
4688715
4077359
493308
9240004
5472793
9064966
8268663
590740
938575
1572684
191331
4051042
2892058
3756602
1371166
9336974
6587130
841980
3639064
4348410
3905980
1884268
614609
4487090
358074
4167203
7872788
10039884
4080718
774674
833420
546856
1714619
715243
3751030
3019289
11190322
4282756
3312746
5579755
1195448
4050227
1158606
3063669
2358447
7693366
7142096
429336
10099661
1737732
5375154
3993343
929864
437121
9937257
3511551
7118009
5998962
193043
8355798
436597
3913853
2024546
2913794
4873003
3819570
163873
2125673
2453484
443631
2941979
3593409
674809
6788073
5945341
258896
3864801
7076093
8832675
219101
4576782
5469493
2251754
3727588
5250679
3681352
2421040
1917134
7868862
9739977
6421890
2083101
4289708
6065776
182471
853481
1803394
10223887
575486
8885130
1361720
5056599
7129359
6657300
6771427
4353051
2013123
2372314
3799969
