1097865
6061650
4073751
164285
4420247
5007329
10617623
762616
5157094
3373219
6968769
36850
8246866
8030568
1147198
1220640
6772419
2061799
3308904
4537500
6567656
612866
6333016
638310
14080530
4596393
1351591
4484325
3384456
4878707
5118177
2972746
6738557
2436649
3505487
3831962
6862205
8721158
7575155
3128870
2499622
8984729
4685091
1617718
3508746
8266295
10206613
15880056
12493857
2642460
11712283
2703438
12294148
2429752
3605139
3081220
6158163
5502448
7041857
5005159
8155390
9703646
3398661
4137264
5250103
3834085
9352885
7473961
2341506
576595
8699395
13199663
6050889
3633912
12076597
4075926
303304
2224999
10751782
14467476
236356
11579768
329335
2499333
3174663
5499369
9426237
2231563
12193892
5064513
11920354
3173752
1330828
6327854
2913402
1699901
7584611
4956311
1868767
5677855
10843766
3802741
6300491
3423730
626574
7780030
2843871
2580087
2991206
519533
6840039
13067623
2840748
503473
4902255
11400499
11307777
10017209
8575079
10621336
915246
1346001
8657769
115430
2992439
5744150
10300099
6415986
1595472
341592
8783533
6925835
6811941
491363
4508634
11481591
5711651
3003017
7545756
1929521
4983568
6558015
10095007
15658008
497991
4219990
6436910
1716806
2631859
3037704
2017509
1309444
1227283
357314
2212128
3909004
3572746
1460987
13558146
2032189
1748795
3671146
5616330
1349521
1283760
1278581
2482450
1445012
3986013
4684745
8570091
6478237
5028514
12349403
1967083
871535
6743144
7783383
3235625
6652054
6310305
8163975
754723
3122528
9431313
4279015
4167036
3373958
1568388
8243419
5024864
1299457
2056343
9871717
1941122
835513
4522276
4500894
9833464
1188826
14716296
1579602
11818851
8438488
4727396
7401978
6597530
14000022
4412548
6895047
13708603
4105167
6711468
4387497
743961
5387596
5604549
4104481
11152903
12826042
13918131
1740793
3117979
4677976
6558095
12607576
4386819
8524356
2123334
11571328
2896174
13477905
3920412
5633734
3850235
6942048
9387443
4259981
8175106
4810080
8725877
2192583
975012
1376089
1319087
8863890
4744826
3140737
377993
1172636
7809032
3496336
4063137
2887838
89223
934861
5646003
10322430
6066718
6584034
2184232
615312
3940713
9157794
4956768
8460405
320273
7866352
5086719
5920578
3475523
3421752
2408767
1631365
932925
10182881
395934
1555775
5111120
145162
1967130
4122789
1097853
10296974
1911746
2769929
6698441
671428
4630847
3496169
2217791
4136130
5879758
9909396
11293277
5378483
11781024
179305
7969639
4084378
4721710
1161084
4307375
7310755
1936657
4544884
9443919
7266387
11467524
1175419
4112373
519688
3609346
1539733
2906364
4801132
3029979
5868545
1548339
2889846
4017584
8375035
4333009
3685670
4989077
7783781
1154227
4494336
10507741
678475
7855698
2734078
10784389
5245885
109906
8691731
9294800
922078
7014903
68977
7792544
3543092
8941738
11078792
2153508
4387229
4949188
7042428
2420146
11305487
3776300
8979560
5167246
5958028
4406121
9187188
2725282
6868762
13846780
3686450
2223655
2004577
4472927
1634050
945021
405342
5254600
1295650
2812666
5588988
3472912
1135715
880402
4737227
7490754
9095211
7705084
11191864
7464584
9049122
1900270
8409607
4965539
6250582
3415254
5922615
134793
7451605
605670
142213
12598276
59554
7763301
1683062
8791235
3202952
10645652
2036744
8748240
11113155
5135488
