2804692
1199853
1529407
2785337
1321102
87445
3249292
2358727
3327396
2157000
589682
1253727
2639764
1793766
496260
454386
804204
2335573
654059
1511889
2375052
1039661
308650
560538
1124908
676703
124067
1903740
241701
1506762
877757
2691920
707219
1064811
2999798
1981043
1590531
454593
125855
3891340
182245
785732
3711445
367398
774116
2564148
1596420
200546
532595
397443
3194281
405780
2185353
1186313
2425120
1505268
1600616
828124
1033932
1881096
463152
1100734
2206787
2084529
3389402
1272201
371134
200536
1834482
3111031
1517627
2619402
1295611
800615
269354
720191
3493375
1359037
1380850
904792
1911383
2733487
3999166
629590
2408262
2497935
2649232
3840163
1034635
200538
1457527
900044
3009108
1038747
370966
224936
783719
3754644
110956
51715
3674912
3492894
427872
104824
593624
1480563
247897
94391
1024214
1184361
2139675
1352486
1067761
2195882
388269
1868696
2010957
549767
2214349
386188
1298958
3342250
762782
768850
1088793
4461315
2061661
2802708
2761451
831973
1395795
871885
195250
514659
462728
2819539
3166883
3409319
1238201
1544017
322243
2199666
1600827
2424503
126772
471582
3049633
1366430
503854
196254
350119
329860
4025249
1645912
2298947
2669150
2689668
2683284
375408
2769405
154836
609554
1220495
43439
3198830
3430070
1528063
130497
1398874
3278909
1225239
1491270
985870
2809970
4222586
683079
1619612
2643134
2596537
3338089
3029626
1367014
2770044
4370651
3477224
2108046
400057
747497
172339
548710
652288
2144896
231650
2477144
582697
2301811
2585996
1545485
728281
696167
2220063
654389
204621
1155805
902639
1259654
723373
4013621
3073238
1543146
3447629
600111
3357155
1785279
981869
684398
1692527
533987
358563
115769
524133
3308378
1866297
770085
1553983
2853597
132416
1316819
1833050
1583933
1638836
929893
1091875
252922
1166830
3972694
1692642
1693991
711963
1309743
2783519
2658598
3352287
937407
3215074
363281
77163
3719180
540386
1908610
3937895
3527732
2686442
3525325
4242482
1305246
375926
111006
2369263
1409126
2322709
965056
1219071
1664830
4368267
2033828
58471
1343466
987559
2143440
2101932
2897512
2851930
2615775
2130081
3361959
1057495
1136236
40075
3492287
1517882
2113918
1155319
1347742
1625414
1325489
3648152
2179241
2799945
2298090
2087027
2772141
2090082
311404
2915541
1489455
2559453
603703
3480929
980709
1378124
1755244
225724
2371814
2239652
479313
2916094
779077
418812
312442
1260400
591028
3924486
2865541
1850067
2493438
856143
1007278
831464
2445438
3278614
1983613
2439562
1248523
3002026
2416475
472513
1028847
2268274
149169
3746654
1760416
2499305
4317898
611275
3331724
1766605
2534181
1313330
515026
491237
1190809
3655186
3798699
1474000
1576138
2500826
3736470
2475683
2184835
2144521
359635
544107
1620672
1130521
2059642
575861
1191041
1213508
3966650
272517
482074
3918622
2186437
1219643
2713046
3397643
2162008
477355
1488036
705471
1329767
767591
2002456
4659760
3181965
3140790
1791494
2235358
3096808
2720607
1359742
3631118
3342298
1449713
1667802
2293480
3638444
1903639
3377977
355996
1001105
1499997
4031551
3446520
3696768
727150
4586506
1131979
1046091
3875683
2244219
805812
587019
760427
2105886
731713
700080
855985
1379760
144736
3801254
1223091
1840072
1165186
2280801
2290202
718445
2580237
2583127
2982344
1590945
1486842
2154944
154757
2315351
