10446782
7201108
10450393
19998619
24532862
4704162
1280392
41445468
5386814
2085892
13687766
4848569
30593010
34315563
14275913
40473217
16726199
6692747
7832905
20733142
8877345
25315555
93646
23335928
7431841
15834609
888716
10678383
9991798
39310177
16662932
10069989
33847760
15271086
715042
11750417
6879913
15792973
6270436
5413097
38197934
6947729
14800131
18854347
2321034
21919317
3310710
28862462
7763557
10353490
38549327
21896901
21624445
7386142
1550333
10336122
8088476
13027553
18024699
16939145
33979207
22663470
846433
31068956
1492597
19262832
723949
38442450
22965403
1726093
16897601
22527267
3039939
28633632
21049010
21052982
3015314
21234960
13154227
14878129
33267554
11718284
26705941
18275561
14054753
28322440
12029166
2283290
4312774
2424656
20763420
14347570
1988620
23785813
26149131
36379650
17817049
13864347
9596032
27534919
23823498
18339268
3896698
13117333
1258297
26174145
12596246
21292563
20658404
1973351
8226494
3250080
15952486
3683504
17545582
14636856
6572861
2903279
10836672
281165
20178572
8536656
11569558
9438713
10147453
13870095
20458669
6157037
20112889
23409842
3667551
9992738
4866920
1306225
18180944
15558795
18206165
7549586
14013945
6198639
24307504
916371
18233917
1953100
10858406
16004458
12482966
9423714
17711140
15610842
32040996
6396471
14541726
17730146
18909739
8332431
8553106
19717772
13797531
35294218
5488754
4348082
3951401
24438038
6122280
25114558
8253020
10730829
29884058
16318597
23110481
7593780
2722508
7294051
24972653
7766212
24561775
20131571
33271303
4719592
25748530
28586083
20699498
15250800
3368132
10676209
19711432
20082647
1770828
6679124
12072459
16910030
25442655
5436266
10154019
15858266
8879065
5511664
4537588
6245041
20714676
3605024
2248689
699161
2711109
16368241
14695829
34079697
11962005
4936877
9652728
6227628
16758930
34643749
9061473
20913537
10422711
373563
26465162
10004307
4516508
7519144
18674899
30027731
23112833
13144308
1817430
9450947
6217627
5658973
15306317
1449385
18369172
18899080
17752373
24712368
4066349
10019577
34881085
21780751
13052876
14472669
2507761
4211785
4812007
32924279
478902
2094810
14918721
5426221
4729238
5636029
988280
7530532
18203202
906127
28696240
12726074
3677834
17923297
32665479
15203005
8175436
183118
7744186
17296178
19317104
11567734
33575940
833243
8584504
16156241
30740270
5191221
20953656
2249597
12565243
3852879
22873068
27964923
27492830
4303091
15038236
6104825
16067192
15145881
3721121
3993059
21726069
21985017
8303547
6534372
14080520
17686985
11224467
13717584
5083359
3915513
11351688
6509698
26814133
13525968
6502104
11738487
6838921
5702156
35493588
6388307
3745082
12681247
19128534
19176051
906738
11466370
8001658
25780715
22753847
4154157
3665155
26134025
9300569
4122960
9985215
2578743
19867060
16367672
5441336
23112572
17507121
10973996
10349463
28894263
5544370
4812965
8863457
1214624
1186960
4378073
12400064
18689468
