4545560
13909486
13011378
17743833
24685489
4359549
19197495
13157846
5640839
305283
1694519
17247004
12025457
10329591
15688514
4946088
15930104
15580634
411878
5665583
4180276
864168
3260041
13160034
5273332
9025848
1281439
9018187
1115820
5497934
19002507
15187087
13342377
21525771
18417374
154532
7205238
10544884
3945579
18040362
143484
5442837
3637475
14021872
24889118
11928242
10570794
7992286
2245608
3191841
9108313
7591886
19032696
1124280
18283516
4776901
16039391
13241755
14338306
950344
18362282
9996309
1617438
14350520
14008574
6734211
1726646
5529146
7271518
821502
2478135
7131739
141831
794244
13178115
7638665
8556286
20745224
8605999
9678567
1565504
6951767
10790271
4304434
7969798
12485532
5414788
14686997
10725350
5535747
7649265
16135168
19690888
8715086
1220334
19036062
1994872
5674374
5711245
6099785
8294421
3953403
11739198
17468958
12597173
11544944
726446
18030554
1171293
21759703
2429914
24438228
6237479
20054535
12114379
9083309
402569
5549038
12951399
9916831
401942
6515168
461991
5915151
2561518
2885310
1281413
1172307
1715691
20791714
23449771
22550769
17984115
8785006
24623622
483941
11188028
15179691
17393684
4154040
1739208
14144679
21582514
14248127
2253750
8380164
6064960
6514348
26175585
18173458
2156001
23965885
17428030
17377393
3027128
10134799
20373381
90367
3723608
6970407
12161502
23584698
204164
2967181
8476315
26969390
16842343
19493491
29327391
7147807
9508748
23623106
10533321
7725799
13115177
24641400
11667789
25432641
14544493
13350136
463943
3426439
5984034
8196013
4335326
264065
4098036
17701420
17031739
26959092
6780509
11819082
325035
3150101
18237075
19827728
15249985
5048739
634615
24524512
12097752
9338911
15348636
4970081
3023911
18330803
9610363
12563243
277249
4069936
7417030
4212316
13117686
19438102
7195772
8537396
15333386
4108667
8659444
4565198
22026217
28521898
11757187
18067341
6075490
10471210
19958963
10527695
14489905
12490100
13372629
17075436
15395806
4542045
13956695
1568121
4072924
9386779
7502695
2851867
14830228
21025387
2178566
15910416
7262974
12515862
5640432
12382060
4230868
1601436
3348277
8352344
100898
158341
10387458
8589439
29586624
2462860
17146746
10439837
14986892
8930484
26302798
396368
15749420
3643570
24822535
3511940
5707441
1144244
27327762
7353570
2432712
3449402
4266068
7884455
9104126
32798
11428225
26330148
1168899
9395564
9802988
463751
24730037
22335417
1065883
19939110
13534569
4514461
16414828
10644171
21064531
24468960
4665637
15854090
24107449
24823527
8602581
6533654
14447993
11865905
21259388
394446
6318549
5258127
