9681437
19763644
13594454
490857
5583409
4048599
2963711
12995692
1221199
10836533
8941417
15347204
4153958
13140945
7747643
4933685
4041411
13349621
1790765
28333234
17768353
1018570
28636623
7798091
19979937
3712494
31589733
11962854
1213214
181555
9423223
20106065
2379704
26297289
8277396
10347359
13851381
1130719
8671062
6348227
4971116
19252876
2931470
8692429
12108313
2055814
30588541
2673638
2119474
4426635
18665821
7984045
3355899
2727191
7180241
1211433
1257952
26155253
1527244
9330592
1368893
9273606
27704349
2001404
12997503
5421576
18030303
11312621
5530947
5631121
8714665
23061279
20787617
15603187
4912775
27474809
24489288
16370114
15175443
15002914
16048179
