4179302
5298141
10574258
9045028
2287760
16400880
11700792
18171383
14068486
10020877
1162299
6555683
5642442
9417409
13440749
11769426
2639031
3841408
6284298
12491683
8955513
16278697
17379487
3259242
11672680
12460474
5469095
5688970
4678478
7719149
6817319
11584364
3625999
8768839
6566689
6535417
6730919
10082196
1943198
11112376
16162056
6349052
4051844
13284992
17813739
11244201
10563528
4451420
3665773
8950366
2387993
1212206
18041104
5966132
11366898
3365861
12057235
17083666
8131653
7296187
4309217
10109071
8988043
2938803
4841645
20724681
2413204
7301852
11656339
6168342
18590320
12915965
1952999
12024729
16441618
20419268
5171967
910130
2895989
12115866
18175911
7445089
14144095
4098256
4370381
602633
493263
5027171
18863515
7016818
1091579
18531943
18344071
10396776
15438700
4550126
1598081
12906536
15268239
5291907
2755205
3703398
17147372
12466424
2351244
4059918
2193009
16686476
13424607
7699753
2664550
6472436
8296099
5490648
125379
5094396
12724976
10514154
1888191
2794949
284225
3979884
8471953
14422674
2384646
8750782
10865032
11822442
3018422
3792277
8228380
13079993
3402357
2878788
21891781
13464308
14273990
8853500
13152455
10903833
2914874
8163214
7286237
5203932
1470171
4815318
8311102
2740417
666992
20233370
17450731
15313438
2280921
1010659
10177539
1499411
4390923
7508038
14747547
13877959
12961547
3967714
4355941
12739953
2154240
212953
13127382
2950359
4707676
3918553
7774566
3610704
11112348
3256413
2477336
8563937
5756842
2029880
3932724
1480388
8500698
11524529
1276131
15973108
800728
5275880
3818079
8681831
5333203
7301345
6432292
11198949
3744703
5973151
4316860
2464764
4846171
4290182
6470566
1234285
3603667
2275889
3308765
1988377
8122754
11078824
5336813
6870856
4471618
12262175
1948523
13606178
1441805
3055447
14374342
1633150
11342390
2236764
4309162
16198395
10091613
2551468
10020790
1650686
6330008
15180761
18507694
1995635
2509335
2550209
667524
9122281
2407717
9833540
12411713
4545436
2311790
594498
3997408
1847952
16589457
9767827
7792756
12832884
11848884
6734392
1011501
16717647
13732671
620194
14854435
7202485
6322202
4177624
12547183
11774183
5522504
1430640
16883560
14621927
10416685
11788359
4841107
17247756
11350995
8323427
1765257
3699947
16064982
7428037
13349318
15255405
3187166
